{ level: 'error',
  message: 'Could not get the genres',
  label: 'Route Error logging',
  timestamp: '2018-11-20 19:38:23',
  [Symbol(level)]: 'error',
  [Symbol(splat)]: 
   [ Error: Could not get the genres
    at Object.<anonymous>.router.get (/Users/FullName/Documents/Work/Apps/Vidly/routes/genres.js:10:11)
    at newFn (/Users/FullName/Documents/Work/Apps/Vidly/node_modules/express-async-errors/index.js:16:20)
    at Layer.handle [as handle_request] (/Users/FullName/Documents/Work/Apps/Vidly/node_modules/express/lib/router/layer.js:95:5)
    at next (/Users/FullName/Documents/Work/Apps/Vidly/node_modules/express/lib/router/route.js:137:13)
    at Route.dispatch (/Users/FullName/Documents/Work/Apps/Vidly/node_modules/express/lib/router/route.js:112:3)
    at newFn (/Users/FullName/Documents/Work/Apps/Vidly/node_modules/express-async-errors/index.js:16:20)
    at Layer.handle [as handle_request] (/Users/FullName/Documents/Work/Apps/Vidly/node_modules/express/lib/router/layer.js:95:5)
    at /Users/FullName/Documents/Work/Apps/Vidly/node_modules/express/lib/router/index.js:281:22
    at Function.process_params (/Users/FullName/Documents/Work/Apps/Vidly/node_modules/express/lib/router/index.js:335:12)
    at next (/Users/FullName/Documents/Work/Apps/Vidly/node_modules/express/lib/router/index.js:275:10)
    at Function.handle (/Users/FullName/Documents/Work/Apps/Vidly/node_modules/express/lib/router/index.js:174:3)
    at router (/Users/FullName/Documents/Work/Apps/Vidly/node_modules/express/lib/router/index.js:47:12)
    at newFn (/Users/FullName/Documents/Work/Apps/Vidly/node_modules/express-async-errors/index.js:16:20)
    at Layer.handle [as handle_request] (/Users/FullName/Documents/Work/Apps/Vidly/node_modules/express/lib/router/layer.js:95:5)
    at trim_prefix (/Users/FullName/Documents/Work/Apps/Vidly/node_modules/express/lib/router/index.js:317:13)
    at /Users/FullName/Documents/Work/Apps/Vidly/node_modules/express/lib/router/index.js:284:7
    at Function.process_params (/Users/FullName/Documents/Work/Apps/Vidly/node_modules/express/lib/router/index.js:335:12)
    at next (/Users/FullName/Documents/Work/Apps/Vidly/node_modules/express/lib/router/index.js:275:10)
    at jsonParser (/Users/FullName/Documents/Work/Apps/Vidly/node_modules/body-parser/lib/types/json.js:110:7)
    at newFn (/Users/FullName/Documents/Work/Apps/Vidly/node_modules/express-async-errors/index.js:16:20)
    at Layer.handle [as handle_request] (/Users/FullName/Documents/Work/Apps/Vidly/node_modules/express/lib/router/layer.js:95:5)
    at trim_prefix (/Users/FullName/Documents/Work/Apps/Vidly/node_modules/express/lib/router/index.js:317:13)
    at /Users/FullName/Documents/Work/Apps/Vidly/node_modules/express/lib/router/index.js:284:7
    at Function.process_params (/Users/FullName/Documents/Work/Apps/Vidly/node_modules/express/lib/router/index.js:335:12)
    at next (/Users/FullName/Documents/Work/Apps/Vidly/node_modules/express/lib/router/index.js:275:10)
    at expressInit (/Users/FullName/Documents/Work/Apps/Vidly/node_modules/express/lib/middleware/init.js:40:5)
    at newFn (/Users/FullName/Documents/Work/Apps/Vidly/node_modules/express-async-errors/index.js:16:20)
    at Layer.handle [as handle_request] (/Users/FullName/Documents/Work/Apps/Vidly/node_modules/express/lib/router/layer.js:95:5)
    at trim_prefix (/Users/FullName/Documents/Work/Apps/Vidly/node_modules/express/lib/router/index.js:317:13)
    at /Users/FullName/Documents/Work/Apps/Vidly/node_modules/express/lib/router/index.js:284:7
    at Function.process_params (/Users/FullName/Documents/Work/Apps/Vidly/node_modules/express/lib/router/index.js:335:12)
    at next (/Users/FullName/Documents/Work/Apps/Vidly/node_modules/express/lib/router/index.js:275:10)
    at query (/Users/FullName/Documents/Work/Apps/Vidly/node_modules/express/lib/middleware/query.js:45:5)
    at newFn (/Users/FullName/Documents/Work/Apps/Vidly/node_modules/express-async-errors/index.js:16:20)
    at Layer.handle [as handle_request] (/Users/FullName/Documents/Work/Apps/Vidly/node_modules/express/lib/router/layer.js:95:5)
    at trim_prefix (/Users/FullName/Documents/Work/Apps/Vidly/node_modules/express/lib/router/index.js:317:13)
    at /Users/FullName/Documents/Work/Apps/Vidly/node_modules/express/lib/router/index.js:284:7
    at Function.process_params (/Users/FullName/Documents/Work/Apps/Vidly/node_modules/express/lib/router/index.js:335:12)
    at next (/Users/FullName/Documents/Work/Apps/Vidly/node_modules/express/lib/router/index.js:275:10)
    at Function.handle (/Users/FullName/Documents/Work/Apps/Vidly/node_modules/express/lib/router/index.js:174:3)
    at Function.handle (/Users/FullName/Documents/Work/Apps/Vidly/node_modules/express/lib/application.js:174:10)
    at Server.app (/Users/FullName/Documents/Work/Apps/Vidly/node_modules/express/lib/express.js:39:9)
    at emitTwo (events.js:126:13)
    at Server.emit (events.js:214:7)
    at parserOnIncoming (_http_server.js:634:12)
    at HTTPParser.parserOnHeadersComplete (_http_common.js:117:17) ] }
{ level: 'error',
  message: 'Could not get the genres',
  label: 'Route Error logging',
  timestamp: '2018-11-20 19:40:16',
  [Symbol(level)]: 'error',
  [Symbol(splat)]: 
   [ Error: Could not get the genres
    at Object.<anonymous>.router.get (/Users/FullName/Documents/Work/Apps/Vidly/routes/genres.js:10:11)
    at newFn (/Users/FullName/Documents/Work/Apps/Vidly/node_modules/express-async-errors/index.js:16:20)
    at Layer.handle [as handle_request] (/Users/FullName/Documents/Work/Apps/Vidly/node_modules/express/lib/router/layer.js:95:5)
    at next (/Users/FullName/Documents/Work/Apps/Vidly/node_modules/express/lib/router/route.js:137:13)
    at Route.dispatch (/Users/FullName/Documents/Work/Apps/Vidly/node_modules/express/lib/router/route.js:112:3)
    at newFn (/Users/FullName/Documents/Work/Apps/Vidly/node_modules/express-async-errors/index.js:16:20)
    at Layer.handle [as handle_request] (/Users/FullName/Documents/Work/Apps/Vidly/node_modules/express/lib/router/layer.js:95:5)
    at /Users/FullName/Documents/Work/Apps/Vidly/node_modules/express/lib/router/index.js:281:22
    at Function.process_params (/Users/FullName/Documents/Work/Apps/Vidly/node_modules/express/lib/router/index.js:335:12)
    at next (/Users/FullName/Documents/Work/Apps/Vidly/node_modules/express/lib/router/index.js:275:10)
    at Function.handle (/Users/FullName/Documents/Work/Apps/Vidly/node_modules/express/lib/router/index.js:174:3)
    at router (/Users/FullName/Documents/Work/Apps/Vidly/node_modules/express/lib/router/index.js:47:12)
    at newFn (/Users/FullName/Documents/Work/Apps/Vidly/node_modules/express-async-errors/index.js:16:20)
    at Layer.handle [as handle_request] (/Users/FullName/Documents/Work/Apps/Vidly/node_modules/express/lib/router/layer.js:95:5)
    at trim_prefix (/Users/FullName/Documents/Work/Apps/Vidly/node_modules/express/lib/router/index.js:317:13)
    at /Users/FullName/Documents/Work/Apps/Vidly/node_modules/express/lib/router/index.js:284:7
    at Function.process_params (/Users/FullName/Documents/Work/Apps/Vidly/node_modules/express/lib/router/index.js:335:12)
    at next (/Users/FullName/Documents/Work/Apps/Vidly/node_modules/express/lib/router/index.js:275:10)
    at jsonParser (/Users/FullName/Documents/Work/Apps/Vidly/node_modules/body-parser/lib/types/json.js:110:7)
    at newFn (/Users/FullName/Documents/Work/Apps/Vidly/node_modules/express-async-errors/index.js:16:20)
    at Layer.handle [as handle_request] (/Users/FullName/Documents/Work/Apps/Vidly/node_modules/express/lib/router/layer.js:95:5)
    at trim_prefix (/Users/FullName/Documents/Work/Apps/Vidly/node_modules/express/lib/router/index.js:317:13)
    at /Users/FullName/Documents/Work/Apps/Vidly/node_modules/express/lib/router/index.js:284:7
    at Function.process_params (/Users/FullName/Documents/Work/Apps/Vidly/node_modules/express/lib/router/index.js:335:12)
    at next (/Users/FullName/Documents/Work/Apps/Vidly/node_modules/express/lib/router/index.js:275:10)
    at expressInit (/Users/FullName/Documents/Work/Apps/Vidly/node_modules/express/lib/middleware/init.js:40:5)
    at newFn (/Users/FullName/Documents/Work/Apps/Vidly/node_modules/express-async-errors/index.js:16:20)
    at Layer.handle [as handle_request] (/Users/FullName/Documents/Work/Apps/Vidly/node_modules/express/lib/router/layer.js:95:5)
    at trim_prefix (/Users/FullName/Documents/Work/Apps/Vidly/node_modules/express/lib/router/index.js:317:13)
    at /Users/FullName/Documents/Work/Apps/Vidly/node_modules/express/lib/router/index.js:284:7
    at Function.process_params (/Users/FullName/Documents/Work/Apps/Vidly/node_modules/express/lib/router/index.js:335:12)
    at next (/Users/FullName/Documents/Work/Apps/Vidly/node_modules/express/lib/router/index.js:275:10)
    at query (/Users/FullName/Documents/Work/Apps/Vidly/node_modules/express/lib/middleware/query.js:45:5)
    at newFn (/Users/FullName/Documents/Work/Apps/Vidly/node_modules/express-async-errors/index.js:16:20)
    at Layer.handle [as handle_request] (/Users/FullName/Documents/Work/Apps/Vidly/node_modules/express/lib/router/layer.js:95:5)
    at trim_prefix (/Users/FullName/Documents/Work/Apps/Vidly/node_modules/express/lib/router/index.js:317:13)
    at /Users/FullName/Documents/Work/Apps/Vidly/node_modules/express/lib/router/index.js:284:7
    at Function.process_params (/Users/FullName/Documents/Work/Apps/Vidly/node_modules/express/lib/router/index.js:335:12)
    at next (/Users/FullName/Documents/Work/Apps/Vidly/node_modules/express/lib/router/index.js:275:10)
    at Function.handle (/Users/FullName/Documents/Work/Apps/Vidly/node_modules/express/lib/router/index.js:174:3)
    at Function.handle (/Users/FullName/Documents/Work/Apps/Vidly/node_modules/express/lib/application.js:174:10)
    at Server.app (/Users/FullName/Documents/Work/Apps/Vidly/node_modules/express/lib/express.js:39:9)
    at emitTwo (events.js:126:13)
    at Server.emit (events.js:214:7)
    at parserOnIncoming (_http_server.js:634:12)
    at HTTPParser.parserOnHeadersComplete (_http_common.js:117:17) ] }
{ level: 'error',
  message: 'Could not get the genres',
  label: 'Route Error logging',
  timestamp: '2018-11-20 19:43:15',
  [Symbol(level)]: 'error',
  [Symbol(splat)]: 
   [ Error: Could not get the genres
    at Object.<anonymous>.router.get (/Users/FullName/Documents/Work/Apps/Vidly/routes/genres.js:10:11)
    at newFn (/Users/FullName/Documents/Work/Apps/Vidly/node_modules/express-async-errors/index.js:16:20)
    at Layer.handle [as handle_request] (/Users/FullName/Documents/Work/Apps/Vidly/node_modules/express/lib/router/layer.js:95:5)
    at next (/Users/FullName/Documents/Work/Apps/Vidly/node_modules/express/lib/router/route.js:137:13)
    at Route.dispatch (/Users/FullName/Documents/Work/Apps/Vidly/node_modules/express/lib/router/route.js:112:3)
    at newFn (/Users/FullName/Documents/Work/Apps/Vidly/node_modules/express-async-errors/index.js:16:20)
    at Layer.handle [as handle_request] (/Users/FullName/Documents/Work/Apps/Vidly/node_modules/express/lib/router/layer.js:95:5)
    at /Users/FullName/Documents/Work/Apps/Vidly/node_modules/express/lib/router/index.js:281:22
    at Function.process_params (/Users/FullName/Documents/Work/Apps/Vidly/node_modules/express/lib/router/index.js:335:12)
    at next (/Users/FullName/Documents/Work/Apps/Vidly/node_modules/express/lib/router/index.js:275:10)
    at Function.handle (/Users/FullName/Documents/Work/Apps/Vidly/node_modules/express/lib/router/index.js:174:3)
    at router (/Users/FullName/Documents/Work/Apps/Vidly/node_modules/express/lib/router/index.js:47:12)
    at newFn (/Users/FullName/Documents/Work/Apps/Vidly/node_modules/express-async-errors/index.js:16:20)
    at Layer.handle [as handle_request] (/Users/FullName/Documents/Work/Apps/Vidly/node_modules/express/lib/router/layer.js:95:5)
    at trim_prefix (/Users/FullName/Documents/Work/Apps/Vidly/node_modules/express/lib/router/index.js:317:13)
    at /Users/FullName/Documents/Work/Apps/Vidly/node_modules/express/lib/router/index.js:284:7
    at Function.process_params (/Users/FullName/Documents/Work/Apps/Vidly/node_modules/express/lib/router/index.js:335:12)
    at next (/Users/FullName/Documents/Work/Apps/Vidly/node_modules/express/lib/router/index.js:275:10)
    at jsonParser (/Users/FullName/Documents/Work/Apps/Vidly/node_modules/body-parser/lib/types/json.js:110:7)
    at newFn (/Users/FullName/Documents/Work/Apps/Vidly/node_modules/express-async-errors/index.js:16:20)
    at Layer.handle [as handle_request] (/Users/FullName/Documents/Work/Apps/Vidly/node_modules/express/lib/router/layer.js:95:5)
    at trim_prefix (/Users/FullName/Documents/Work/Apps/Vidly/node_modules/express/lib/router/index.js:317:13)
    at /Users/FullName/Documents/Work/Apps/Vidly/node_modules/express/lib/router/index.js:284:7
    at Function.process_params (/Users/FullName/Documents/Work/Apps/Vidly/node_modules/express/lib/router/index.js:335:12)
    at next (/Users/FullName/Documents/Work/Apps/Vidly/node_modules/express/lib/router/index.js:275:10)
    at expressInit (/Users/FullName/Documents/Work/Apps/Vidly/node_modules/express/lib/middleware/init.js:40:5)
    at newFn (/Users/FullName/Documents/Work/Apps/Vidly/node_modules/express-async-errors/index.js:16:20)
    at Layer.handle [as handle_request] (/Users/FullName/Documents/Work/Apps/Vidly/node_modules/express/lib/router/layer.js:95:5)
    at trim_prefix (/Users/FullName/Documents/Work/Apps/Vidly/node_modules/express/lib/router/index.js:317:13)
    at /Users/FullName/Documents/Work/Apps/Vidly/node_modules/express/lib/router/index.js:284:7
    at Function.process_params (/Users/FullName/Documents/Work/Apps/Vidly/node_modules/express/lib/router/index.js:335:12)
    at next (/Users/FullName/Documents/Work/Apps/Vidly/node_modules/express/lib/router/index.js:275:10)
    at query (/Users/FullName/Documents/Work/Apps/Vidly/node_modules/express/lib/middleware/query.js:45:5)
    at newFn (/Users/FullName/Documents/Work/Apps/Vidly/node_modules/express-async-errors/index.js:16:20)
    at Layer.handle [as handle_request] (/Users/FullName/Documents/Work/Apps/Vidly/node_modules/express/lib/router/layer.js:95:5)
    at trim_prefix (/Users/FullName/Documents/Work/Apps/Vidly/node_modules/express/lib/router/index.js:317:13)
    at /Users/FullName/Documents/Work/Apps/Vidly/node_modules/express/lib/router/index.js:284:7
    at Function.process_params (/Users/FullName/Documents/Work/Apps/Vidly/node_modules/express/lib/router/index.js:335:12)
    at next (/Users/FullName/Documents/Work/Apps/Vidly/node_modules/express/lib/router/index.js:275:10)
    at Function.handle (/Users/FullName/Documents/Work/Apps/Vidly/node_modules/express/lib/router/index.js:174:3)
    at Function.handle (/Users/FullName/Documents/Work/Apps/Vidly/node_modules/express/lib/application.js:174:10)
    at Server.app (/Users/FullName/Documents/Work/Apps/Vidly/node_modules/express/lib/express.js:39:9)
    at emitTwo (events.js:126:13)
    at Server.emit (events.js:214:7)
    at parserOnIncoming (_http_server.js:634:12)
    at HTTPParser.parserOnHeadersComplete (_http_common.js:117:17) ] }
{ level: 'error',
  message: 'Could not get the genres',
  label: 'Route Error logging',
  timestamp: '2018-11-20 19:43:58',
  [Symbol(level)]: 'error',
  [Symbol(splat)]: 
   [ Error: Could not get the genres
    at Object.<anonymous>.router.get (/Users/FullName/Documents/Work/Apps/Vidly/routes/genres.js:10:11)
    at newFn (/Users/FullName/Documents/Work/Apps/Vidly/node_modules/express-async-errors/index.js:16:20)
    at Layer.handle [as handle_request] (/Users/FullName/Documents/Work/Apps/Vidly/node_modules/express/lib/router/layer.js:95:5)
    at next (/Users/FullName/Documents/Work/Apps/Vidly/node_modules/express/lib/router/route.js:137:13)
    at Route.dispatch (/Users/FullName/Documents/Work/Apps/Vidly/node_modules/express/lib/router/route.js:112:3)
    at newFn (/Users/FullName/Documents/Work/Apps/Vidly/node_modules/express-async-errors/index.js:16:20)
    at Layer.handle [as handle_request] (/Users/FullName/Documents/Work/Apps/Vidly/node_modules/express/lib/router/layer.js:95:5)
    at /Users/FullName/Documents/Work/Apps/Vidly/node_modules/express/lib/router/index.js:281:22
    at Function.process_params (/Users/FullName/Documents/Work/Apps/Vidly/node_modules/express/lib/router/index.js:335:12)
    at next (/Users/FullName/Documents/Work/Apps/Vidly/node_modules/express/lib/router/index.js:275:10)
    at Function.handle (/Users/FullName/Documents/Work/Apps/Vidly/node_modules/express/lib/router/index.js:174:3)
    at router (/Users/FullName/Documents/Work/Apps/Vidly/node_modules/express/lib/router/index.js:47:12)
    at newFn (/Users/FullName/Documents/Work/Apps/Vidly/node_modules/express-async-errors/index.js:16:20)
    at Layer.handle [as handle_request] (/Users/FullName/Documents/Work/Apps/Vidly/node_modules/express/lib/router/layer.js:95:5)
    at trim_prefix (/Users/FullName/Documents/Work/Apps/Vidly/node_modules/express/lib/router/index.js:317:13)
    at /Users/FullName/Documents/Work/Apps/Vidly/node_modules/express/lib/router/index.js:284:7
    at Function.process_params (/Users/FullName/Documents/Work/Apps/Vidly/node_modules/express/lib/router/index.js:335:12)
    at next (/Users/FullName/Documents/Work/Apps/Vidly/node_modules/express/lib/router/index.js:275:10)
    at jsonParser (/Users/FullName/Documents/Work/Apps/Vidly/node_modules/body-parser/lib/types/json.js:110:7)
    at newFn (/Users/FullName/Documents/Work/Apps/Vidly/node_modules/express-async-errors/index.js:16:20)
    at Layer.handle [as handle_request] (/Users/FullName/Documents/Work/Apps/Vidly/node_modules/express/lib/router/layer.js:95:5)
    at trim_prefix (/Users/FullName/Documents/Work/Apps/Vidly/node_modules/express/lib/router/index.js:317:13)
    at /Users/FullName/Documents/Work/Apps/Vidly/node_modules/express/lib/router/index.js:284:7
    at Function.process_params (/Users/FullName/Documents/Work/Apps/Vidly/node_modules/express/lib/router/index.js:335:12)
    at next (/Users/FullName/Documents/Work/Apps/Vidly/node_modules/express/lib/router/index.js:275:10)
    at expressInit (/Users/FullName/Documents/Work/Apps/Vidly/node_modules/express/lib/middleware/init.js:40:5)
    at newFn (/Users/FullName/Documents/Work/Apps/Vidly/node_modules/express-async-errors/index.js:16:20)
    at Layer.handle [as handle_request] (/Users/FullName/Documents/Work/Apps/Vidly/node_modules/express/lib/router/layer.js:95:5)
    at trim_prefix (/Users/FullName/Documents/Work/Apps/Vidly/node_modules/express/lib/router/index.js:317:13)
    at /Users/FullName/Documents/Work/Apps/Vidly/node_modules/express/lib/router/index.js:284:7
    at Function.process_params (/Users/FullName/Documents/Work/Apps/Vidly/node_modules/express/lib/router/index.js:335:12)
    at next (/Users/FullName/Documents/Work/Apps/Vidly/node_modules/express/lib/router/index.js:275:10)
    at query (/Users/FullName/Documents/Work/Apps/Vidly/node_modules/express/lib/middleware/query.js:45:5)
    at newFn (/Users/FullName/Documents/Work/Apps/Vidly/node_modules/express-async-errors/index.js:16:20)
    at Layer.handle [as handle_request] (/Users/FullName/Documents/Work/Apps/Vidly/node_modules/express/lib/router/layer.js:95:5)
    at trim_prefix (/Users/FullName/Documents/Work/Apps/Vidly/node_modules/express/lib/router/index.js:317:13)
    at /Users/FullName/Documents/Work/Apps/Vidly/node_modules/express/lib/router/index.js:284:7
    at Function.process_params (/Users/FullName/Documents/Work/Apps/Vidly/node_modules/express/lib/router/index.js:335:12)
    at next (/Users/FullName/Documents/Work/Apps/Vidly/node_modules/express/lib/router/index.js:275:10)
    at Function.handle (/Users/FullName/Documents/Work/Apps/Vidly/node_modules/express/lib/router/index.js:174:3)
    at Function.handle (/Users/FullName/Documents/Work/Apps/Vidly/node_modules/express/lib/application.js:174:10)
    at Server.app (/Users/FullName/Documents/Work/Apps/Vidly/node_modules/express/lib/express.js:39:9)
    at emitTwo (events.js:126:13)
    at Server.emit (events.js:214:7)
    at parserOnIncoming (_http_server.js:634:12)
    at HTTPParser.parserOnHeadersComplete (_http_common.js:117:17) ] }
